<?xml version="1.0" encoding="UTF-8"?>
<testng-results skipped="0" failed="0" total="1" passed="1">
  <reporter-output>
  </reporter-output>
  <suite name="Suite" duration-ms="32892" started-at="2021-04-26T09:46:47Z" finished-at="2021-04-26T09:47:20Z">
    <groups>
    </groups>
    <test name="Validating Student registration" duration-ms="32892" started-at="2021-04-26T09:46:47Z" finished-at="2021-04-26T09:47:20Z">
      <class name="ADemo.e2escenario">
        <test-method status="PASS" signature="intializeDriver()[pri:0, instance:ADemo.e2escenario@3b0090a4]" name="intializeDriver" is-config="true" duration-ms="1979" started-at="2021-04-26T10:46:47Z" finished-at="2021-04-26T10:46:49Z">
          <reporter-output>
          </reporter-output>
        </test-method> <!-- intializeDriver -->
        <test-method status="PASS" signature="practiceForm()[pri:0, instance:ADemo.e2escenario@3b0090a4]" name="practiceForm" duration-ms="26779" started-at="2021-04-26T10:46:49Z" finished-at="2021-04-26T10:47:16Z">
          <reporter-output>
          </reporter-output>
        </test-method> <!-- practiceForm -->
        <test-method status="PASS" signature="teardown()[pri:0, instance:ADemo.e2escenario@3b0090a4]" name="teardown" is-config="true" duration-ms="4132" started-at="2021-04-26T10:47:16Z" finished-at="2021-04-26T10:47:20Z">
          <reporter-output>
          </reporter-output>
        </test-method> <!-- teardown -->
      </class> <!-- ADemo.e2escenario -->
    </test> <!-- Validating Student registration -->
  </suite> <!-- Suite -->
</testng-results>
