<?xml version="1.0" encoding="UTF-8"?>
<testng-results skipped="0" failed="0" total="2" passed="2">
  <reporter-output>
  </reporter-output>
  <suite name="Suite" duration-ms="40464" started-at="2021-04-21T08:54:53Z" finished-at="2021-04-21T08:55:33Z">
    <groups>
    </groups>
    <test name="Validating Student registration" duration-ms="25417" started-at="2021-04-21T08:54:53Z" finished-at="2021-04-21T08:55:18Z">
      <class name="ADemo.TestCase1">
        <test-method status="PASS" signature="intializeDriver()[pri:0, instance:ADemo.TestCase1@198b6731]" name="intializeDriver" is-config="true" duration-ms="6657" started-at="2021-04-21T09:54:53Z" finished-at="2021-04-21T09:54:59Z">
          <reporter-output>
          </reporter-output>
        </test-method> <!-- intializeDriver -->
        <test-method status="PASS" signature="practiceForm()[pri:0, instance:ADemo.TestCase1@198b6731]" name="practiceForm" duration-ms="16365" started-at="2021-04-21T09:54:59Z" finished-at="2021-04-21T09:55:16Z">
          <reporter-output>
          </reporter-output>
        </test-method> <!-- practiceForm -->
        <test-method status="PASS" signature="teardown()[pri:0, instance:ADemo.TestCase1@198b6731]" name="teardown" is-config="true" duration-ms="2380" started-at="2021-04-21T09:55:16Z" finished-at="2021-04-21T09:55:18Z">
          <reporter-output>
          </reporter-output>
        </test-method> <!-- teardown -->
      </class> <!-- ADemo.TestCase1 -->
    </test> <!-- Validating Student registration -->
    <test name="Verify validation message for incomplete Student registration" duration-ms="14845" started-at="2021-04-21T08:55:18Z" finished-at="2021-04-21T08:55:33Z">
      <class name="ADemo.TestCase1Neg">
        <test-method status="PASS" signature="intializeDriver()[pri:0, instance:ADemo.TestCase1Neg@247bddad]" name="intializeDriver" is-config="true" duration-ms="5155" started-at="2021-04-21T09:55:18Z" finished-at="2021-04-21T09:55:24Z">
          <reporter-output>
          </reporter-output>
        </test-method> <!-- intializeDriver -->
        <test-method status="PASS" signature="practiceForm()[pri:0, instance:ADemo.TestCase1Neg@247bddad]" name="practiceForm" duration-ms="7689" started-at="2021-04-21T09:55:24Z" finished-at="2021-04-21T09:55:31Z">
          <reporter-output>
          </reporter-output>
        </test-method> <!-- practiceForm -->
        <test-method status="PASS" signature="teardown()[pri:0, instance:ADemo.TestCase1Neg@247bddad]" name="teardown" is-config="true" duration-ms="2000" started-at="2021-04-21T09:55:31Z" finished-at="2021-04-21T09:55:33Z">
          <reporter-output>
          </reporter-output>
        </test-method> <!-- teardown -->
      </class> <!-- ADemo.TestCase1Neg -->
    </test> <!-- Verify validation message for incomplete Student registration -->
  </suite> <!-- Suite -->
</testng-results>
